[1206/213648:WARNING:dns_config_service_win.cc(384)] Failed to read DnsConfig.
[1206/214522:WARNING:dns_config_service_win.cc(384)] Failed to read DnsConfig.
[1206/214649:WARNING:dns_config_service_win.cc(384)] Failed to read DnsConfig.
[1206/214759:WARNING:dns_config_service_win.cc(384)] Failed to read DnsConfig.
[1206/214909:WARNING:dns_config_service_win.cc(384)] Failed to read DnsConfig.
[1206/214944:WARNING:dns_config_service_win.cc(384)] Failed to read DnsConfig.
[1206/215014:WARNING:dns_config_service_win.cc(384)] Failed to read DnsConfig.
[1206/220353:WARNING:dns_config_service_win.cc(384)] Failed to read DnsConfig.
[1206/220516:WARNING:dns_config_service_win.cc(384)] Failed to read DnsConfig.
[1206/220859:WARNING:dns_config_service_win.cc(384)] Failed to read DnsConfig.
[1206/222756:WARNING:dns_config_service_win.cc(384)] Failed to read DnsConfig.
[1206/222812:WARNING:dns_config_service_win.cc(384)] Failed to read DnsConfig.
[1207/145219:WARNING:dns_config_service_win.cc(384)] Failed to read DnsConfig.
[1207/162816:WARNING:dns_config_service_win.cc(384)] Failed to read DnsConfig.
[1207/163026:WARNING:dns_config_service_win.cc(384)] Failed to read DnsConfig.
[1207/163113:WARNING:dns_config_service_win.cc(384)] Failed to read DnsConfig.
[1207/163214:WARNING:dns_config_service_win.cc(384)] Failed to read DnsConfig.
[1207/164516:WARNING:dns_config_service_win.cc(384)] Failed to read DnsConfig.
[1207/164705:WARNING:dns_config_service_win.cc(384)] Failed to read DnsConfig.
[1207/164825:WARNING:dns_config_service_win.cc(384)] Failed to read DnsConfig.
[1209/150502:WARNING:dns_config_service_win.cc(384)] Failed to read DnsConfig.
[1209/151643:WARNING:dns_config_service_win.cc(384)] Failed to read DnsConfig.
[1209/153949:WARNING:dns_config_service_win.cc(384)] Failed to read DnsConfig.
[1209/154145:WARNING:dns_config_service_win.cc(384)] Failed to read DnsConfig.
[1209/154422:WARNING:dns_config_service_win.cc(384)] Failed to read DnsConfig.
[1209/154521:WARNING:dns_config_service_win.cc(384)] Failed to read DnsConfig.
[1209/154733:WARNING:dns_config_service_win.cc(384)] Failed to read DnsConfig.
[1209/171046:WARNING:dns_config_service_win.cc(384)] Failed to read DnsConfig.
[1209/171922:WARNING:dns_config_service_win.cc(384)] Failed to read DnsConfig.
[1209/172059:WARNING:dns_config_service_win.cc(384)] Failed to read DnsConfig.
[1209/172202:WARNING:dns_config_service_win.cc(384)] Failed to read DnsConfig.
[1209/172309:WARNING:dns_config_service_win.cc(384)] Failed to read DnsConfig.
[1209/172653:WARNING:dns_config_service_win.cc(384)] Failed to read DnsConfig.
[1209/172729:WARNING:dns_config_service_win.cc(384)] Failed to read DnsConfig.
[1209/173416:WARNING:dns_config_service_win.cc(384)] Failed to read DnsConfig.
[1209/173543:WARNING:dns_config_service_win.cc(384)] Failed to read DnsConfig.
[1209/173615:WARNING:dns_config_service_win.cc(384)] Failed to read DnsConfig.
[1209/173649:WARNING:dns_config_service_win.cc(384)] Failed to read DnsConfig.
[1209/173806:WARNING:dns_config_service_win.cc(384)] Failed to read DnsConfig.
[1209/173843:WARNING:dns_config_service_win.cc(384)] Failed to read DnsConfig.
[1209/173859:WARNING:dns_config_service_win.cc(384)] Failed to read DnsConfig.
[1209/174038:WARNING:dns_config_service_win.cc(384)] Failed to read DnsConfig.
[1209/174106:WARNING:dns_config_service_win.cc(384)] Failed to read DnsConfig.
[1209/174734:WARNING:dns_config_service_win.cc(384)] Failed to read DnsConfig.
[1209/175406:WARNING:dns_config_service_win.cc(384)] Failed to read DnsConfig.
[1209/175419:WARNING:dns_config_service_win.cc(384)] Failed to read DnsConfig.
[1210/104258:WARNING:dns_config_service_win.cc(384)] Failed to read DnsConfig.
[1210/104710:WARNING:dns_config_service_win.cc(384)] Failed to read DnsConfig.
[1211/151419:WARNING:dns_config_service_win.cc(384)] Failed to read DnsConfig.
[1211/151441:WARNING:dns_config_service_win.cc(384)] Failed to read DnsConfig.
[1211/153324:WARNING:dns_config_service_win.cc(384)] Failed to read DnsConfig.
[1211/153428:WARNING:dns_config_service_win.cc(384)] Failed to read DnsConfig.
[1211/153517:WARNING:dns_config_service_win.cc(384)] Failed to read DnsConfig.
[1211/154534:WARNING:dns_config_service_win.cc(384)] Failed to read DnsConfig.
[1211/154737:WARNING:dns_config_service_win.cc(384)] Failed to read DnsConfig.
[1211/160349:WARNING:dns_config_service_win.cc(384)] Failed to read DnsConfig.
[1211/160745:WARNING:dns_config_service_win.cc(384)] Failed to read DnsConfig.
[1211/160843:WARNING:dns_config_service_win.cc(384)] Failed to read DnsConfig.
[1211/162840:WARNING:dns_config_service_win.cc(384)] Failed to read DnsConfig.
[1211/163004:WARNING:dns_config_service_win.cc(384)] Failed to read DnsConfig.
[1211/164705:WARNING:dns_config_service_win.cc(384)] Failed to read DnsConfig.
[1211/164747:WARNING:dns_config_service_win.cc(384)] Failed to read DnsConfig.
[1211/164901:WARNING:dns_config_service_win.cc(384)] Failed to read DnsConfig.
[1211/164943:WARNING:dns_config_service_win.cc(384)] Failed to read DnsConfig.
[1211/165011:WARNING:dns_config_service_win.cc(384)] Failed to read DnsConfig.
[1211/165054:WARNING:dns_config_service_win.cc(384)] Failed to read DnsConfig.
[1211/165117:WARNING:dns_config_service_win.cc(384)] Failed to read DnsConfig.
[1211/165225:WARNING:dns_config_service_win.cc(384)] Failed to read DnsConfig.
[1211/165252:WARNING:dns_config_service_win.cc(384)] Failed to read DnsConfig.
[1211/165346:WARNING:dns_config_service_win.cc(384)] Failed to read DnsConfig.
[1211/165551:WARNING:dns_config_service_win.cc(384)] Failed to read DnsConfig.
[1211/165627:WARNING:dns_config_service_win.cc(384)] Failed to read DnsConfig.
[1211/165713:WARNING:dns_config_service_win.cc(384)] Failed to read DnsConfig.
[1211/165800:WARNING:dns_config_service_win.cc(384)] Failed to read DnsConfig.
[1211/165824:WARNING:dns_config_service_win.cc(384)] Failed to read DnsConfig.
[1211/170450:WARNING:dns_config_service_win.cc(384)] Failed to read DnsConfig.
[1211/171007:WARNING:dns_config_service_win.cc(384)] Failed to read DnsConfig.
[1211/171015:WARNING:dns_config_service_win.cc(384)] Failed to read DnsConfig.
[1211/172201:WARNING:dns_config_service_win.cc(384)] Failed to read DnsConfig.
[1211/172316:WARNING:dns_config_service_win.cc(384)] Failed to read DnsConfig.
[1211/202653:WARNING:dns_config_service_win.cc(384)] Failed to read DnsConfig.
[1211/203605:WARNING:dns_config_service_win.cc(384)] Failed to read DnsConfig.
[1211/203750:WARNING:dns_config_service_win.cc(384)] Failed to read DnsConfig.
[1211/204941:WARNING:dns_config_service_win.cc(384)] Failed to read DnsConfig.
[1211/212316:WARNING:dns_config_service_win.cc(384)] Failed to read DnsConfig.
[1211/212536:WARNING:dns_config_service_win.cc(384)] Failed to read DnsConfig.
[1211/212559:WARNING:dns_config_service_win.cc(384)] Failed to read DnsConfig.
[1211/212700:WARNING:dns_config_service_win.cc(384)] Failed to read DnsConfig.
[1211/213057:WARNING:dns_config_service_win.cc(384)] Failed to read DnsConfig.
[1211/213224:WARNING:dns_config_service_win.cc(384)] Failed to read DnsConfig.
[1211/213311:WARNING:dns_config_service_win.cc(384)] Failed to read DnsConfig.
[1211/213354:WARNING:dns_config_service_win.cc(384)] Failed to read DnsConfig.
[1211/213812:WARNING:dns_config_service_win.cc(384)] Failed to read DnsConfig.
[1211/215423:WARNING:dns_config_service_win.cc(384)] Failed to read DnsConfig.
[1211/215434:WARNING:dns_config_service_win.cc(384)] Failed to read DnsConfig.
[1211/215910:WARNING:dns_config_service_win.cc(384)] Failed to read DnsConfig.
[1211/220643:WARNING:dns_config_service_win.cc(384)] Failed to read DnsConfig.
[1211/220802:WARNING:dns_config_service_win.cc(384)] Failed to read DnsConfig.
[1211/220941:WARNING:dns_config_service_win.cc(384)] Failed to read DnsConfig.
[1212/111309:WARNING:dns_config_service_win.cc(384)] Failed to read DnsConfig.
[1212/111455:WARNING:dns_config_service_win.cc(384)] Failed to read DnsConfig.
[1212/114630:WARNING:dns_config_service_win.cc(384)] Failed to read DnsConfig.
[1212/163951:WARNING:dns_config_service_win.cc(384)] Failed to read DnsConfig.
[1212/164110:WARNING:dns_config_service_win.cc(384)] Failed to read DnsConfig.
[1212/164240:WARNING:dns_config_service_win.cc(384)] Failed to read DnsConfig.
[1214/145617:WARNING:dns_config_service_win.cc(384)] Failed to read DnsConfig.
[0122/200749:ERROR:network_change_notifier_win.cc(143)] WSALookupServiceBegin failed with: 10091
[0122/202514:ERROR:network_change_notifier_win.cc(143)] WSALookupServiceBegin failed with: 10091
[0808/193931:ERROR:resource_bundle.cc(154)] Failed to load F:\DotNet\testchrome2\testchrome2\bin\Debug\chrome.pak
Some features may not be available.
[0808/200253:ERROR:resource_bundle.cc(154)] Failed to load F:\DotNet\testchrome2\testchrome2\bin\Debug\chrome.pak
Some features may not be available.
[0808/200321:ERROR:resource_bundle.cc(154)] Failed to load F:\DotNet\testchrome2\testchrome2\bin\Debug\chrome.pak
Some features may not be available.
[0808/200511:ERROR:resource_bundle.cc(154)] Failed to load F:\DotNet\testchrome2\testchrome2\bin\Debug\chrome.pak
Some features may not be available.
[0808/200630:ERROR:resource_bundle.cc(154)] Failed to load F:\DotNet\testchrome2\testchrome2\bin\Debug\chrome.pak
Some features may not be available.
[0808/201850:ERROR:resource_bundle.cc(154)] Failed to load F:\DotNet\testchrome2\testchrome2\bin\Debug\chrome.pak
Some features may not be available.
[0322/130048:ERROR:resource_bundle.cc(154)] Failed to load C:\Documents and Settings\Administrator\桌面\example\testchrome2\bin\Debug\chrome.pak
Some features may not be available.
[0322/130841:ERROR:resource_bundle.cc(154)] Failed to load F:\GIS\Ocean2DDataVisualization\Ocean2DDataVisualization\bin\Debug\chrome.pak
Some features may not be available.
[0322/130922:ERROR:resource_bundle.cc(154)] Failed to load F:\GIS\Ocean2DDataVisualization\Ocean2DDataVisualization\bin\Debug\chrome.pak
Some features may not be available.
[0322/131032:ERROR:resource_bundle.cc(154)] Failed to load F:\GIS\Ocean2DDataVisualization\Ocean2DDataVisualization\bin\Debug\chrome.pak
Some features may not be available.
[0322/131211:ERROR:resource_bundle.cc(154)] Failed to load F:\GIS\Ocean2DDataVisualization\Ocean2DDataVisualization\bin\Debug\chrome.pak
Some features may not be available.
[0322/131314:ERROR:resource_bundle.cc(154)] Failed to load F:\GIS\Ocean2DDataVisualization\Ocean2DDataVisualization\bin\Debug\chrome.pak
Some features may not be available.
[0322/131553:ERROR:resource_bundle.cc(154)] Failed to load F:\GIS\Ocean2DDataVisualization\Ocean2DDataVisualization\bin\Debug\chrome.pak
Some features may not be available.
[0322/131724:ERROR:resource_bundle.cc(154)] Failed to load F:\GIS\Ocean2DDataVisualization\Ocean2DDataVisualization\bin\Debug\chrome.pak
Some features may not be available.
[0322/131827:ERROR:resource_bundle.cc(154)] Failed to load F:\GIS\Ocean2DDataVisualization\Ocean2DDataVisualization\bin\Debug\chrome.pak
Some features may not be available.
[0322/131939:ERROR:resource_bundle.cc(154)] Failed to load F:\GIS\Ocean2DDataVisualization\Ocean2DDataVisualization\bin\Debug\chrome.pak
Some features may not be available.
[0322/132212:ERROR:resource_bundle.cc(154)] Failed to load F:\GIS\Ocean2DDataVisualization\Ocean2DDataVisualization\bin\Debug\chrome.pak
Some features may not be available.
[0322/132545:ERROR:resource_bundle.cc(154)] Failed to load F:\GIS\Ocean2DDataVisualization\Ocean2DDataVisualization\bin\Debug\chrome.pak
Some features may not be available.
[0322/133805:ERROR:resource_bundle.cc(154)] Failed to load C:\Documents and Settings\Administrator\桌面\Ocean2DDataVisualization\Ocean2DDataVisualization\bin\Debug\chrome.pak
Some features may not be available.
[0322/134920:ERROR:resource_bundle.cc(154)] Failed to load F:\GIS\World_Wind_1.4.0_Source_VS2008\bin\Debug\chrome.pak
Some features may not be available.
